2025-10-05 00:00:12,965 INFO b.m.u.BaseTest [main] HomePage object created
2025-10-05 00:00:17,262 INFO b.m.u.p.BasePage [main] Site opened successfully
2025-10-05 00:00:17,262 INFO b.m.u.BaseTest [main] Site opened successfully
2025-10-05 00:00:17,263 INFO b.m.u.p.BasePage [main] Clicking on 'Accept city' button
2025-10-05 00:00:20,743 INFO b.m.u.BaseTest [main] City selection clicked
2025-10-05 00:00:20,743 INFO b.m.u.p.BasePage [main] Clicking on 'Accept cookies' button
2025-10-05 00:00:34,192 INFO b.m.u.BaseTest [main] Cookies accepted
2025-10-05 00:00:34,193 INFO b.m.u.p.BasePage [main] Clicking on 'Woman' category button
2025-10-05 00:00:34,281 INFO b.m.u.BaseTest [main] Woman category selected
2025-10-05 00:00:34,285 INFO b.m.u.CartTest [main] Opening Cart page
2025-10-05 00:00:34,286 INFO b.m.u.p.CartPage [main] Opening cart
2025-10-05 00:00:34,835 INFO b.m.u.CartTest [main] Cart page opened successfully
2025-10-05 00:00:34,839 INFO b.m.u.CartTest [main] Starting test: Verify cart items counter updates when adding item to cart
2025-10-05 00:00:34,839 INFO b.m.u.p.CartPage [main] Starting process to add item to cart with size selection
2025-10-05 00:00:34,839 INFO b.m.u.p.CartPage [main] Selecting first item for adding to cart
2025-10-05 00:00:37,469 INFO b.m.u.p.CartPage [main] Confirming add to cart action
2025-10-05 00:00:37,503 INFO b.m.u.p.CartPage [main] Navigating to cart page
2025-10-05 00:00:39,914 INFO b.m.u.p.CartPage [main] Getting cart items count
2025-10-05 00:00:39,931 INFO b.m.u.CartTest [main] Test completed successfully - Verify cart items counter updates when adding item to cart
2025-10-05 00:00:40,050 INFO b.m.u.BaseTest [main] Driver quit successfully
2025-10-05 00:00:40,056 INFO b.m.u.BaseTest [main] HomePage object created
2025-10-05 00:00:42,355 INFO b.m.u.p.BasePage [main] Site opened successfully
2025-10-05 00:00:42,357 INFO b.m.u.BaseTest [main] Site opened successfully
2025-10-05 00:00:42,358 INFO b.m.u.p.BasePage [main] Clicking on 'Accept city' button
2025-10-05 00:00:46,789 INFO b.m.u.BaseTest [main] City selection clicked
2025-10-05 00:00:46,789 INFO b.m.u.p.BasePage [main] Clicking on 'Accept cookies' button
2025-10-05 00:00:46,821 INFO b.m.u.BaseTest [main] Cookies accepted
2025-10-05 00:00:46,821 INFO b.m.u.p.BasePage [main] Clicking on 'Woman' category button
2025-10-05 00:00:52,605 INFO b.m.u.BaseTest [main] Woman category selected
2025-10-05 00:00:52,607 INFO b.m.u.CartTest [main] Opening Cart page
2025-10-05 00:00:52,607 INFO b.m.u.p.CartPage [main] Opening cart
2025-10-05 00:00:53,591 INFO b.m.u.CartTest [main] Cart page opened successfully
2025-10-05 00:00:53,591 INFO b.m.u.CartTest [main] Starting test: Verify login prompt for unauthorized users
2025-10-05 00:00:53,591 INFO b.m.u.p.CartPage [main] Waiting for login prompt message to be visible
2025-10-05 00:00:54,605 INFO b.m.u.CartTest [main] Test completed successfully - login prompt is correct
2025-10-05 00:00:54,704 INFO b.m.u.BaseTest [main] Driver quit successfully
2025-10-05 00:00:54,705 INFO b.m.u.BaseTest [main] HomePage object created
2025-10-05 00:00:58,522 INFO b.m.u.p.BasePage [main] Site opened successfully
2025-10-05 00:00:58,524 INFO b.m.u.BaseTest [main] Site opened successfully
2025-10-05 00:00:58,524 INFO b.m.u.p.BasePage [main] Clicking on 'Accept city' button
2025-10-05 00:00:58,588 INFO b.m.u.BaseTest [main] City selection clicked
2025-10-05 00:00:58,588 INFO b.m.u.p.BasePage [main] Clicking on 'Accept cookies' button
2025-10-05 00:00:58,619 INFO b.m.u.BaseTest [main] Cookies accepted
2025-10-05 00:00:58,619 INFO b.m.u.p.BasePage [main] Clicking on 'Woman' category button
2025-10-05 00:01:02,403 INFO b.m.u.BaseTest [main] Driver quit successfully
2025-10-05 00:01:02,414 INFO b.m.u.BaseTest [main] HomePage object created
2025-10-05 00:01:07,994 INFO b.m.u.p.BasePage [main] Site opened successfully
2025-10-05 00:01:07,996 INFO b.m.u.BaseTest [main] Site opened successfully
2025-10-05 00:01:07,996 INFO b.m.u.p.BasePage [main] Clicking on 'Accept city' button
2025-10-05 00:01:08,046 INFO b.m.u.BaseTest [main] City selection clicked
2025-10-05 00:01:08,046 INFO b.m.u.p.BasePage [main] Clicking on 'Accept cookies' button
2025-10-05 00:01:08,076 INFO b.m.u.BaseTest [main] Cookies accepted
2025-10-05 00:01:08,076 INFO b.m.u.p.BasePage [main] Clicking on 'Woman' category button
2025-10-05 00:01:39,367 INFO b.m.u.BaseTest [main] Woman category selected
2025-10-05 00:01:39,371 INFO b.m.u.CartTest [main] Opening Cart page
2025-10-05 00:01:39,371 INFO b.m.u.p.CartPage [main] Opening cart
2025-10-05 00:01:40,243 INFO b.m.u.CartTest [main] Cart page opened successfully
2025-10-05 00:01:40,243 INFO b.m.u.CartTest [main] Starting test: Verify empty cart message
2025-10-05 00:01:40,243 INFO b.m.u.p.CartPage [main] Getting empty cart message
2025-10-05 00:01:43,255 INFO b.m.u.CartTest [main] Test completed successfully - empty cart message is correct
2025-10-05 00:01:43,364 INFO b.m.u.BaseTest [main] Driver quit successfully
2025-10-05 02:46:08,222 INFO b.m.u.BaseTest [main] HomePage object created
2025-10-05 02:46:13,530 INFO b.m.u.p.BasePage [main] Site opened successfully
2025-10-05 02:46:13,596 INFO b.m.u.p.BasePage [main] City accepted by location successfully
2025-10-05 02:46:13,626 INFO b.m.u.p.BasePage [main] Cookies accepted
2025-10-05 02:46:15,452 INFO b.m.u.p.BasePage [main] Woman category clicked
2025-10-05 02:46:15,456 INFO b.m.u.CartTest [main] Opening Cart page
2025-10-05 02:46:15,799 INFO b.m.u.p.CartPage [main] Cart opened
2025-10-05 02:46:15,799 INFO b.m.u.CartTest [main] Cart page opened successfully
2025-10-05 02:46:15,802 INFO b.m.u.CartTest [main] Starting test: Verify cart items counter updates when adding item to cart
2025-10-05 02:46:16,083 INFO b.m.u.p.CartPage [main] First item selected for adding to cart
2025-10-05 02:46:16,776 INFO b.m.u.p.CartPage [main] Item size selected
2025-10-05 02:46:16,776 INFO b.m.u.p.CartPage [main] Confirming add to cart action
2025-10-05 02:46:16,821 INFO b.m.u.p.CartPage [main] Add to cart confirmed
2025-10-05 02:46:17,223 INFO b.m.u.p.CartPage [main] Navigated to cart page
2025-10-05 02:46:17,224 INFO b.m.u.p.CartPage [main] Item added to cart successfully
2025-10-05 02:46:17,224 INFO b.m.u.p.CartPage [main] Getting cart items count
2025-10-05 02:46:17,238 INFO b.m.u.CartTest [main] Test completed successfully - Verify cart items counter updates when adding item to cart
2025-10-05 02:46:17,374 INFO b.m.u.BaseTest [main] HomePage object created
2025-10-05 02:46:19,515 INFO b.m.u.p.BasePage [main] Site opened successfully
2025-10-05 02:46:19,741 INFO b.m.u.p.BasePage [main] City accepted by location successfully
2025-10-05 02:46:19,972 INFO b.m.u.p.BasePage [main] Cookies accepted
2025-10-05 02:46:22,423 INFO b.m.u.p.BasePage [main] Woman category clicked
2025-10-05 02:46:22,424 INFO b.m.u.CartTest [main] Opening Cart page
2025-10-05 02:46:22,778 INFO b.m.u.p.CartPage [main] Cart opened
2025-10-05 02:46:22,778 INFO b.m.u.CartTest [main] Cart page opened successfully
2025-10-05 02:46:22,779 INFO b.m.u.CartTest [main] Starting test: Verify login prompt for unauthorized users
2025-10-05 02:46:23,042 INFO b.m.u.CartTest [main] Test completed successfully - login prompt is correct
2025-10-05 02:46:23,160 INFO b.m.u.BaseTest [main] HomePage object created
2025-10-05 02:46:24,973 INFO b.m.u.p.BasePage [main] Site opened successfully
2025-10-05 02:46:25,252 INFO b.m.u.p.BasePage [main] City accepted by location successfully
2025-10-05 02:46:25,368 INFO b.m.u.p.BasePage [main] Cookies accepted
2025-10-05 02:46:26,215 INFO b.m.u.p.BasePage [main] Woman category clicked
2025-10-05 02:46:26,216 INFO b.m.u.CartTest [main] Opening Cart page
2025-10-05 02:46:26,511 INFO b.m.u.p.CartPage [main] Cart opened
2025-10-05 02:46:26,511 INFO b.m.u.CartTest [main] Cart page opened successfully
2025-10-05 02:46:26,511 INFO b.m.u.CartTest [main] Starting test: Verify item quantity increases when clicking increase button
2025-10-05 02:46:26,799 INFO b.m.u.p.CartPage [main] First item selected for adding to cart
2025-10-05 02:46:27,499 INFO b.m.u.p.CartPage [main] Item size selected
2025-10-05 02:46:27,500 INFO b.m.u.p.CartPage [main] Confirming add to cart action
2025-10-05 02:46:27,534 INFO b.m.u.p.CartPage [main] Add to cart confirmed
2025-10-05 02:46:27,950 INFO b.m.u.p.CartPage [main] Navigated to cart page
2025-10-05 02:46:27,950 INFO b.m.u.p.CartPage [main] Item added to cart successfully
2025-10-05 02:46:28,007 INFO b.m.u.p.CartPage [main] Item quantity increased
2025-10-05 02:46:28,019 INFO b.m.u.CartTest [main] Test completed successfully - Verify item quantity increases when clicking increase button
2025-10-05 02:46:28,126 INFO b.m.u.BaseTest [main] HomePage object created
2025-10-05 02:46:29,937 INFO b.m.u.p.BasePage [main] Site opened successfully
2025-10-05 02:46:30,218 INFO b.m.u.p.BasePage [main] City accepted by location successfully
2025-10-05 02:46:30,254 INFO b.m.u.p.BasePage [main] Cookies accepted
2025-10-05 02:46:31,436 INFO b.m.u.p.BasePage [main] Woman category clicked
2025-10-05 02:46:31,437 INFO b.m.u.CartTest [main] Opening Cart page
2025-10-05 02:46:31,834 INFO b.m.u.p.CartPage [main] Cart opened
2025-10-05 02:46:31,834 INFO b.m.u.CartTest [main] Cart page opened successfully
2025-10-05 02:46:31,834 INFO b.m.u.CartTest [main] Starting test: Verify empty cart message
2025-10-05 02:46:32,077 INFO b.m.u.CartTest [main] Test completed successfully - empty cart message is correct
2025-10-05 02:48:05,592 INFO b.m.u.BaseTest [main] HomePage object created
2025-10-05 02:48:08,018 INFO b.m.u.p.BasePage [main] Site opened successfully
2025-10-05 02:48:08,323 INFO b.m.u.p.BasePage [main] City accepted by location successfully
2025-10-05 02:48:08,607 INFO b.m.u.p.BasePage [main] Cookies accepted
2025-10-05 02:48:09,528 INFO b.m.u.p.BasePage [main] Woman category clicked
2025-10-05 02:48:09,528 INFO b.m.u.LoginTest [main] Opening login form
2025-10-05 02:48:10,604 INFO b.m.u.p.LoginPage [main] Account button clicked successfully
2025-10-05 02:48:10,606 INFO b.m.u.LoginTest [main] Starting test: Verify 'ВХОД' header is present
2025-10-05 02:48:10,951 INFO b.m.u.LoginTest [main] Test 'Verify 'ВХОД' header is present' passed successfully
2025-10-05 02:57:56,931 INFO b.m.a.LoginTest [main] Test completed successfully: Login with a non-numeric phone number
2025-10-05 02:57:57,101 INFO b.m.a.LoginTest [main] Test completed successfully: Login with incorrect data
2025-10-05 02:57:57,247 INFO b.m.a.LoginTest [main] Test completed successfully: Login with valid phone number and empty password should return 422 status cod
2025-10-05 02:57:57,392 INFO b.m.a.LoginTest [main] Test completed successfully: Login with a filled-in password and an empty phone number
2025-10-05 02:57:57,553 INFO b.m.a.LoginTest [main] Test completed successfully: Login with a phone number with fewer than 12 digits
2025-10-05 02:57:57,706 INFO b.m.a.LoginTest [main] Test completed successfully: Login with a phone number with more than 12 digits
2025-10-05 03:05:45,738 INFO b.m.a.LoginTest [main] Test completed successfully: Login with a non-numeric phone number
2025-10-05 03:05:45,897 INFO b.m.a.LoginTest [main] Test completed successfully: Login with incorrect data
2025-10-05 03:05:46,044 INFO b.m.a.LoginTest [main] Test completed successfully: Login with valid phone number and empty password should return 422 status cod
2025-10-05 03:05:46,186 INFO b.m.a.LoginTest [main] Test completed successfully: Login with a filled-in password and an empty phone number
2025-10-05 03:05:46,338 INFO b.m.a.LoginTest [main] Test completed successfully: Login with a phone number with fewer than 12 digits
2025-10-05 03:05:46,502 INFO b.m.a.LoginTest [main] Test completed successfully: Login with a phone number with more than 12 digits
2025-10-05 03:08:28,526 INFO b.m.u.BaseTest [main] HomePage object created
2025-10-05 03:08:31,094 INFO b.m.u.p.BasePage [main] Site opened successfully
2025-10-05 03:08:33,695 INFO b.m.u.p.BasePage [main] City accepted by location successfully
2025-10-05 03:08:33,726 INFO b.m.u.p.BasePage [main] Cookies accepted
2025-10-05 03:08:35,381 INFO b.m.u.p.BasePage [main] Woman category clicked
2025-10-05 03:08:36,380 INFO b.m.u.p.LoginPage [main] Account button clicked successfully
2025-10-05 03:08:36,852 INFO b.m.u.p.LoginPage [main] Phone number entered successfully
2025-10-05 03:08:36,920 INFO b.m.u.p.LoginPage [main] Password entered successfully
2025-10-05 03:08:36,973 INFO b.m.u.p.LoginPage [main] Login submit button clicked successfully
2025-10-05 03:08:37,128 INFO b.m.u.BaseTest [main] HomePage object created
2025-10-05 03:08:39,346 INFO b.m.u.p.BasePage [main] Site opened successfully
2025-10-05 03:08:39,467 INFO b.m.u.p.BasePage [main] City accepted by location successfully
2025-10-05 03:08:39,499 INFO b.m.u.p.BasePage [main] Cookies accepted
2025-10-05 03:08:41,335 INFO b.m.u.p.BasePage [main] Woman category clicked
2025-10-05 03:08:42,282 INFO b.m.u.p.LoginPage [main] Account button clicked successfully
2025-10-05 03:08:42,708 INFO b.m.u.p.LoginPage [main] Phone number entered successfully
2025-10-05 03:08:42,746 INFO b.m.u.p.LoginPage [main] Login submit button clicked successfully
2025-10-05 03:08:42,746 INFO b.m.u.p.LoginPage [main] Getting incomplete phone error message
2025-10-05 03:08:42,763 INFO b.m.u.LoginTest [main] Test 'Validate incomplete phone number validation' passed successfully
2025-10-05 03:08:42,922 INFO b.m.u.BaseTest [main] HomePage object created
2025-10-05 03:08:44,799 INFO b.m.u.p.BasePage [main] Site opened successfully
2025-10-05 03:08:45,096 INFO b.m.u.p.BasePage [main] City accepted by location successfully
2025-10-05 03:08:45,125 INFO b.m.u.p.BasePage [main] Cookies accepted
2025-10-05 03:08:46,204 INFO b.m.u.p.BasePage [main] Woman category clicked
2025-10-05 03:08:47,180 INFO b.m.u.p.LoginPage [main] Account button clicked successfully
2025-10-05 03:08:47,515 INFO b.m.u.LoginTest [main] Test 'Verify 'Забыли пароль?' link is present' passed successfully
2025-10-05 03:08:47,623 INFO b.m.u.BaseTest [main] HomePage object created
2025-10-05 03:08:49,469 INFO b.m.u.p.BasePage [main] Site opened successfully
2025-10-05 03:08:49,800 INFO b.m.u.p.BasePage [main] City accepted by location successfully
2025-10-05 03:08:49,832 INFO b.m.u.p.BasePage [main] Cookies accepted
2025-10-05 03:08:50,791 INFO b.m.u.p.BasePage [main] Woman category clicked
2025-10-05 03:08:51,797 INFO b.m.u.p.LoginPage [main] Account button clicked successfully
2025-10-05 03:08:52,142 INFO b.m.u.p.LoginPage [main] Login submit button clicked successfully
2025-10-05 03:08:52,157 INFO b.m.u.LoginTest [main] Test 'Validate empty phone number field validation' passed successfully
2025-10-05 03:08:52,257 INFO b.m.u.BaseTest [main] HomePage object created
2025-10-05 03:08:54,001 INFO b.m.u.p.BasePage [main] Site opened successfully
2025-10-05 03:08:54,311 INFO b.m.u.p.BasePage [main] City accepted by location successfully
2025-10-05 03:08:54,345 INFO b.m.u.p.BasePage [main] Cookies accepted
2025-10-05 03:08:55,910 INFO b.m.u.p.BasePage [main] Woman category clicked
2025-10-05 03:08:56,835 INFO b.m.u.p.LoginPage [main] Account button clicked successfully
2025-10-05 03:08:57,264 INFO b.m.u.p.LoginPage [main] Phone number entered successfully
2025-10-05 03:08:57,330 INFO b.m.u.p.LoginPage [main] Login submit button clicked successfully
2025-10-05 03:08:57,343 INFO b.m.u.LoginTest [main] Test 'Validate phone number with non-belarusian operator code' passed successfully
2025-10-05 03:08:57,448 INFO b.m.u.BaseTest [main] HomePage object created
2025-10-05 03:08:59,254 INFO b.m.u.p.BasePage [main] Site opened successfully
2025-10-05 03:08:59,598 INFO b.m.u.p.BasePage [main] City accepted by location successfully
2025-10-05 03:08:59,633 INFO b.m.u.p.BasePage [main] Cookies accepted
2025-10-05 03:09:00,651 INFO b.m.u.p.BasePage [main] Woman category clicked
2025-10-05 03:09:01,723 INFO b.m.u.p.LoginPage [main] Account button clicked successfully
2025-10-05 03:09:02,067 INFO b.m.u.LoginTest [main] Test 'Verify 'ВХОД' header is present' passed successfully
2025-10-05 03:09:32,260 INFO b.m.u.BaseTest [main] HomePage object created
2025-10-05 03:09:34,662 INFO b.m.u.p.BasePage [main] Site opened successfully
2025-10-05 03:09:34,899 INFO b.m.u.p.BasePage [main] City accepted by location successfully
2025-10-05 03:09:34,933 INFO b.m.u.p.BasePage [main] Cookies accepted
2025-10-05 03:09:36,115 INFO b.m.u.p.BasePage [main] Woman category clicked
2025-10-05 03:09:37,136 INFO b.m.u.p.LoginPage [main] Account button clicked successfully
2025-10-05 03:09:37,568 INFO b.m.u.p.LoginPage [main] Phone number entered successfully
2025-10-05 03:09:37,614 INFO b.m.u.p.LoginPage [main] Password entered successfully
2025-10-05 03:09:37,656 INFO b.m.u.p.LoginPage [main] Login submit button clicked successfully
2025-10-05 03:09:37,694 INFO b.m.u.LoginTest [main] Test 'Verify error message when invalid credentials are used for login' passed successfully
